<?xml version="1.0" encoding="UTF-8"?>
<testng-results skipped="0" failed="1" ignored="0" total="1" passed="0">
  <reporter-output>
  </reporter-output>
  <suite name="Surefire suite" duration-ms="5795" started-at="2019-02-26T07:08:59Z" finished-at="2019-02-26T07:09:05Z">
    <groups>
    </groups>
    <test name="Surefire test" duration-ms="5795" started-at="2019-02-26T07:08:59Z" finished-at="2019-02-26T07:09:05Z">
      <class name="qait.TestLinks">
        <test-method status="PASS" signature="setup()[pri:0, instance:qait.TestLinks@26ba2a48]" name="setup" is-config="true" duration-ms="4317" started-at="2019-02-26T07:08:59Z" finished-at="2019-02-26T07:09:04Z">
          <reporter-output>
          </reporter-output>
        </test-method> <!-- setup -->
        <test-method status="FAIL" signature="testLinks(java.util.ArrayList)[pri:0, instance:qait.TestLinks@26ba2a48]" name="testLinks" duration-ms="1377" started-at="2019-02-26T07:09:04Z" data-provider="linkProvider" finished-at="2019-02-26T07:09:05Z">
          <params>
            <param index="0">
              <value>
                <![CDATA[[A/B Testing, Basic Auth, Broken Images, Challenging DOM, Checkboxes, Context Menu, Disappearing Elements, Drag and Drop, Dropdown, Dynamic Content, Dynamic Controls, Dynamic Loading, Exit Intent, File Download, File Upload, Floating Menu, Forgot Password, Form Authentication, Frames, Geolocation, Horizontal Slider, Hovers, Infinite Scroll, JQuery UI Menus, JavaScript Alerts, JavaScript onload event error, Key Presses, Large & Deep DOM, Multiple Windows, Nested Frames, Notification Messages, Redirect Link, Secure File Download, Shifting Content, Slow Resources, Sortable Data Tables, Status Codes, Typos, WYSIWYG ditor]]]>
              </value>
            </param>
          </params>
          <exception class="java.lang.AssertionError">
            <message>
              <![CDATA[expected [WYSIWYG ditor] but found [WYSIWYG Editor]]]>
            </message>
            <full-stacktrace>
              <![CDATA[java.lang.AssertionError: expected [WYSIWYG ditor] but found [WYSIWYG Editor]
at org.testng.Assert.fail(Assert.java:96)
at org.testng.Assert.failNotEquals(Assert.java:776)
at org.testng.Assert.assertEqualsImpl(Assert.java:137)
at org.testng.Assert.assertEquals(Assert.java:118)
at org.testng.Assert.assertEquals(Assert.java:453)
at org.testng.Assert.assertEquals(Assert.java:463)
at qait.TestLinks.testLinks(TestLinks.java:32)
at sun.reflect.NativeMethodAccessorImpl.invoke0(Native Method)
at sun.reflect.NativeMethodAccessorImpl.invoke(NativeMethodAccessorImpl.java:62)
at sun.reflect.DelegatingMethodAccessorImpl.invoke(DelegatingMethodAccessorImpl.java:43)
at java.lang.reflect.Method.invoke(Method.java:498)
at org.testng.internal.MethodInvocationHelper.invokeMethod(MethodInvocationHelper.java:124)
at org.testng.internal.Invoker.invokeMethod(Invoker.java:583)
at org.testng.internal.Invoker.invokeTestMethod(Invoker.java:719)
at org.testng.internal.Invoker.invokeTestMethods(Invoker.java:989)
at org.testng.internal.TestMethodWorker.invokeTestMethods(TestMethodWorker.java:125)
at org.testng.internal.TestMethodWorker.run(TestMethodWorker.java:109)
at org.testng.TestRunner.privateRun(TestRunner.java:648)
at org.testng.TestRunner.run(TestRunner.java:505)
at org.testng.SuiteRunner.runTest(SuiteRunner.java:455)
at org.testng.SuiteRunner.runSequentially(SuiteRunner.java:450)
at org.testng.SuiteRunner.privateRun(SuiteRunner.java:415)
at org.testng.SuiteRunner.run(SuiteRunner.java:364)
at org.testng.SuiteRunnerWorker.runSuite(SuiteRunnerWorker.java:52)
at org.testng.SuiteRunnerWorker.run(SuiteRunnerWorker.java:84)
at org.testng.TestNG.runSuitesSequentially(TestNG.java:1208)
at org.testng.TestNG.runSuitesLocally(TestNG.java:1137)
at org.testng.TestNG.runSuites(TestNG.java:1049)
at org.testng.TestNG.run(TestNG.java:1017)
at org.apache.maven.surefire.testng.TestNGExecutor.run(TestNGExecutor.java:135)
at org.apache.maven.surefire.testng.TestNGDirectoryTestSuite.executeSingleClass(TestNGDirectoryTestSuite.java:112)
at org.apache.maven.surefire.testng.TestNGDirectoryTestSuite.execute(TestNGDirectoryTestSuite.java:99)
at org.apache.maven.surefire.testng.TestNGProvider.invoke(TestNGProvider.java:146)
at org.apache.maven.surefire.booter.ForkedBooter.invokeProviderInSameClassLoader(ForkedBooter.java:384)
at org.apache.maven.surefire.booter.ForkedBooter.runSuitesInProcess(ForkedBooter.java:345)
at org.apache.maven.surefire.booter.ForkedBooter.execute(ForkedBooter.java:126)
at org.apache.maven.surefire.booter.ForkedBooter.main(ForkedBooter.java:418)
]]>
            </full-stacktrace>
          </exception> <!-- java.lang.AssertionError -->
          <reporter-output>
          </reporter-output>
        </test-method> <!-- testLinks -->
      </class> <!-- qait.TestLinks -->
    </test> <!-- Surefire test -->
  </suite> <!-- Surefire suite -->
</testng-results>
